2021/05/19 00:38:07 [Success] Nobyda.json t£º1.4181969165802002
2021/05/19 00:38:08 [Success] Sunert.json t£º1.0699033737182617
2021/05/19 00:38:09 [Success] chavyleung.json t£º1.3337581157684326
2021/05/19 00:38:11 [Success] Peng-YM.json t£º1.138279914855957
2021/05/19 00:38:12 [Success] zZPiglet.json t£º1.4894664287567139
2021/05/19 00:38:13 [Success] lowking.json t£º1.0458858013153076
2021/05/19 00:38:14 [Success] songyangzz.json t£º1.0908539295196533
2021/05/19 00:38:16 [Success] toulanboy.json t£º1.2798988819122314
2021/05/19 00:38:17 [Success] vinewx.json t£º1.0058162212371826
2021/05/19 00:38:18 [Success] chouchoui.json t£º1.1566925048828125
2021/05/19 00:38:19 [Success] evilbutcher.json t£º1.0977089405059814
2021/05/19 00:38:20 [Success] id77.json t£º1.0216097831726074
2021/05/19 00:38:21 [Success] dompling.json t£º1.1082019805908203
2021/05/19 00:38:22 [Success] iepngs.json t£º1.046309471130371
2021/05/19 00:38:23 [Success] barrym-chen.json t£º1.1417572498321533
2021/05/19 00:38:24 [Success] wangdelu2020.json t£º1.0496494770050049
2021/05/19 00:38:25 [Success] iisams.json t£º1.128340244293213
2021/05/19 00:38:26 [Success] DD-D1.json t£º1.0965831279754639
2021/05/19 00:38:27 [Success] passerby-b.json t£º1.0312163829803467
2021/05/19 00:38:28 [Success] photonmang.json t£º1.0370571613311768
2021/05/26 11:25:18 [Success] Nobyda.json t£º0.6009185314178467
2021/05/26 11:25:18 [Success] Sunert.json t£º0.4523043632507324
2021/05/26 11:25:19 [Success] chavyleung.json t£º0.4760148525238037
2021/05/26 11:25:19 [Success] Peng-YM.json t£º0.48560118675231934
2021/05/26 11:25:20 [Success] zZPiglet.json t£º0.5141599178314209
2021/05/26 11:25:20 [Success] lowking.json t£º0.47780609130859375
2021/05/26 11:25:21 [Success] songyangzz.json t£º0.5862157344818115
2021/05/26 11:25:21 [Success] toulanboy.json t£º0.5626988410949707
2021/05/26 11:25:22 [Success] vinewx.json t£º0.539201021194458
2021/05/26 11:25:23 [Success] chouchoui.json t£º0.6478955745697021
2021/05/26 11:25:23 [Success] evilbutcher.json t£º0.543133020401001
2021/05/26 11:25:24 [Success] id77.json t£º0.6194531917572021
2021/05/26 11:25:24 [Success] dompling.json t£º0.451857328414917
2021/05/26 11:25:25 [Success] iepngs.json t£º0.5063381195068359
2021/05/26 11:25:25 [Success] barrym-chen.json t£º0.5619451999664307
2021/05/26 11:25:26 [Success] wangdelu2020.json t£º0.4822843074798584
2021/05/26 11:25:26 [Success] iisams.json t£º0.4762990474700928
2021/05/26 11:25:27 [Success] DD-D1.json t£º0.5104179382324219
2021/05/26 11:25:27 [Success] passerby-b.json t£º0.5080325603485107
2021/05/26 11:25:28 [Success] photonmang.json t£º0.4745199680328369
2021/05/29 03:35:22 [failed] lxk0301_LoonTask.conf t£º5.109521150588989
2021/05/29 03:35:48 [failed] lxk0301_LoonTask.conf t£º5.1182074546813965
2021/05/29 03:36:43 [Success] lxk0301_LoonTask.conf t£º5.0883872509002686
